# JRE version: OpenJDK Runtime Environment (11.0.11+9) (build 11.0.11+9-b60-7590822)
# Java VM: OpenJDK 64-Bit Server VM (11.0.11+9-b60-7590822, mixed mode, tiered, compressed oops, g1 gc, windows-amd64)
Heap:
 garbage-first heap   total 522240K, used 189934K [0x0000000080000000, 0x0000000100000000)
  region size 1024K, 164 young (167936K), 12 survivors (12288K)
 Metaspace       used 57270K, capacity 58792K, committed 59008K, reserved 1099776K
  class space    used 7193K, capacity 7683K, committed 7808K, reserved 1048576K
GC Heap History (12 events):
Event: 4.173 GC heap before
{Heap before GC invocations=0 (full 0):
 garbage-first heap   total 522240K, used 31744K [0x0000000080000000, 0x0000000100000000)
  region size 1024K, 25 young (25600K), 0 survivors (0K)
 Metaspace       used 9805K, capacity 9986K, committed 10112K, reserved 1058816K
  class space    used 1021K, capacity 1102K, committed 1152K, reserved 1048576K
}
Event: 4.175 GC heap after
{Heap after GC invocations=1 (full 0):
 garbage-first heap   total 522240K, used 9395K [0x0000000080000000, 0x0000000100000000)
  region size 1024K, 4 young (4096K), 4 survivors (4096K)
 Metaspace       used 9805K, capacity 9986K, committed 10112K, reserved 1058816K
  class space    used 1021K, capacity 1102K, committed 1152K, reserved 1048576K
}
Event: 8.791 GC heap before
{Heap before GC invocations=1 (full 0):
 garbage-first heap   total 522240K, used 104627K [0x0000000080000000, 0x0000000100000000)
  region size 1024K, 98 young (100352K), 4 survivors (4096K)
 Metaspace       used 20593K, capacity 21118K, committed 21248K, reserved 1067008K
  class space    used 2518K, capacity 2720K, committed 2816K, reserved 1048576K
}
Event: 8.798 GC heap after
{Heap after GC invocations=2 (full 0):
 garbage-first heap   total 522240K, used 16175K [0x0000000080000000, 0x0000000100000000)
  region size 1024K, 11 young (11264K), 11 survivors (11264K)
 Metaspace       used 20593K, capacity 21118K, committed 21248K, reserved 1067008K
  class space    used 2518K, capacity 2720K, committed 2816K, reserved 1048576K
}
Event: 8.905 GC heap before
{Heap before GC invocations=3 (full 0):
 garbage-first heap   total 522240K, used 30511K [0x0000000080000000, 0x0000000100000000)
  region size 1024K, 25 young (25600K), 11 survivors (11264K)
 Metaspace       used 21856K, capacity 22429K, committed 22784K, reserved 1069056K
  class space    used 2757K, capacity 2968K, committed 3072K, reserved 1048576K
}
Event: 8.910 GC heap after
{Heap after GC invocations=4 (full 0):
 garbage-first heap   total 522240K, used 17107K [0x0000000080000000, 0x0000000100000000)
  region size 1024K, 1 young (1024K), 1 survivors (1024K)
 Metaspace       used 21856K, capacity 22429K, committed 22784K, reserved 1069056K
  class space    used 2757K, capacity 2968K, committed 3072K, reserved 1048576K
}
Event: 9.929 GC heap before
{Heap before GC invocations=4 (full 0):
 garbage-first heap   total 522240K, used 103123K [0x0000000080000000, 0x0000000100000000)
  region size 1024K, 85 young (87040K), 1 survivors (1024K)
 Metaspace       used 30976K, capacity 31714K, committed 31872K, reserved 1077248K
  class space    used 4143K, capacity 4407K, committed 4480K, reserved 1048576K
}
Event: 9.932 GC heap after
{Heap after GC invocations=5 (full 0):
 garbage-first heap   total 522240K, used 20235K [0x0000000080000000, 0x0000000100000000)
  region size 1024K, 4 young (4096K), 4 survivors (4096K)
 Metaspace       used 30976K, capacity 31714K, committed 31872K, reserved 1077248K
  class space    used 4143K, capacity 4407K, committed 4480K, reserved 1048576K
}
Event: 10.136 GC heap before
{Heap before GC invocations=5 (full 0):
 garbage-first heap   total 522240K, used 31499K [0x0000000080000000, 0x0000000100000000)
  region size 1024K, 16 young (16384K), 4 survivors (4096K)
 Metaspace       used 35013K, capacity 35798K, committed 35840K, reserved 1081344K
  class space    used 4534K, capacity 4832K, committed 4864K, reserved 1048576K
}
Event: 10.143 GC heap after
{Heap after GC invocations=6 (full 0):
 garbage-first heap   total 522240K, used 21786K [0x0000000080000000, 0x0000000100000000)
  region size 1024K, 6 young (6144K), 6 survivors (6144K)
 Metaspace       used 35013K, capacity 35798K, committed 35840K, reserved 1081344K
  class space    used 4534K, capacity 4832K, committed 4864K, reserved 1048576K
}
Event: 11.491 GC heap before
{Heap before GC invocations=7 (full 0):
 garbage-first heap   total 522240K, used 125210K [0x0000000080000000, 0x0000000100000000)
  region size 1024K, 104 young (106496K), 6 survivors (6144K)
 Metaspace       used 43208K, capacity 44258K, committed 44544K, reserved 1087488K
  class space    used 5505K, capacity 5849K, committed 5888K, reserved 1048576K
}
Event: 11.499 GC heap after
{Heap after GC invocations=8 (full 0):
 garbage-first heap   total 522240K, used 28142K [0x0000000080000000, 0x0000000100000000)
  region size 1024K, 12 young (12288K), 12 survivors (12288K)
 Metaspace       used 43208K, capacity 44258K, committed 44544K, reserved 1087488K
  class space    used 5505K, capacity 5849K, committed 5888K, reserved 1048576K
}

