# JRE version: OpenJDK Runtime Environment (8.0_312-b07) (build 1.8.0_312-b07)
# Java VM: OpenJDK 64-Bit Server VM (25.312-b07 mixed mode windows-amd64 compressed oops)
Heap:
 PSYoungGen      total 593408K, used 228332K [0x00000000d5580000, 0x00000000ffb80000, 0x0000000100000000)
  eden space 491520K, 39% used [0x00000000d5580000,0x00000000e134adc0,0x00000000f3580000)
  from space 101888K, 33% used [0x00000000f9800000,0x00000000fb9304d8,0x00000000ffb80000)
  to   space 100864K, 0% used [0x00000000f3580000,0x00000000f3580000,0x00000000f9800000)
 ParOldGen       total 668160K, used 86950K [0x0000000080000000, 0x00000000a8c80000, 0x00000000d5580000)
  object space 668160K, 13% used [0x0000000080000000,0x00000000854e9928,0x00000000a8c80000)
 Metaspace       used 112484K, capacity 118712K, committed 118784K, reserved 1153024K
  class space    used 14955K, capacity 16072K, committed 16128K, reserved 1048576K
GC Heap History (10 events):
Event: 11.483 GC heap before
{Heap before GC invocations=12 (full 3):
 PSYoungGen      total 386048K, used 386028K [0x00000000d5580000, 0x00000000f1b80000, 0x0000000100000000)
  eden space 357376K, 100% used [0x00000000d5580000,0x00000000eb280000,0x00000000eb280000)
  from space 28672K, 99% used [0x00000000edb80000,0x00000000ef77b000,0x00000000ef780000)
  to   space 41984K, 0% used [0x00000000eb280000,0x00000000eb280000,0x00000000edb80000)
 ParOldGen       total 462336K, used 62714K [0x0000000080000000, 0x000000009c380000, 0x00000000d5580000)
  object space 462336K, 13% used [0x0000000080000000,0x0000000083d3e898,0x000000009c380000)
 Metaspace       used 86666K, capacity 91960K, committed 92288K, reserved 1128448K
  class space    used 12120K, capacity 13064K, committed 13184K, reserved 1048576K
Event: 11.581 GC heap after
Heap after GC invocations=12 (full 3):
 PSYoungGen      total 399360K, used 41967K [0x00000000d5580000, 0x00000000f9680000, 0x0000000100000000)
  eden space 357376K, 0% used [0x00000000d5580000,0x00000000d5580000,0x00000000eb280000)
  from space 41984K, 99% used [0x00000000eb280000,0x00000000edb7bfa0,0x00000000edb80000)
  to   space 68608K, 0% used [0x00000000f5380000,0x00000000f5380000,0x00000000f9680000)
 ParOldGen       total 462336K, used 112957K [0x0000000080000000, 0x000000009c380000, 0x00000000d5580000)
  object space 462336K, 24% used [0x0000000080000000,0x0000000086e4f578,0x000000009c380000)
 Metaspace       used 86666K, capacity 91960K, committed 92288K, reserved 1128448K
  class space    used 12120K, capacity 13064K, committed 13184K, reserved 1048576K
}
Event: 12.780 GC heap before
{Heap before GC invocations=13 (full 3):
 PSYoungGen      total 399360K, used 399343K [0x00000000d5580000, 0x00000000f9680000, 0x0000000100000000)
  eden space 357376K, 100% used [0x00000000d5580000,0x00000000eb280000,0x00000000eb280000)
  from space 41984K, 99% used [0x00000000eb280000,0x00000000edb7bfa0,0x00000000edb80000)
  to   space 68608K, 0% used [0x00000000f5380000,0x00000000f5380000,0x00000000f9680000)
 ParOldGen       total 462336K, used 112957K [0x0000000080000000, 0x000000009c380000, 0x00000000d5580000)
  object space 462336K, 24% used [0x0000000080000000,0x0000000086e4f578,0x000000009c380000)
 Metaspace       used 86897K, capacity 92258K, committed 92544K, reserved 1128448K
  class space    used 12127K, capacity 13071K, committed 13184K, reserved 1048576K
Event: 12.864 GC heap after
Heap after GC invocations=13 (full 3):
 PSYoungGen      total 491008K, used 68585K [0x00000000d5580000, 0x00000000fe700000, 0x0000000100000000)
  eden space 422400K, 0% used [0x00000000d5580000,0x00000000d5580000,0x00000000ef200000)
  from space 68608K, 99% used [0x00000000f5380000,0x00000000f967a480,0x00000000f9680000)
  to   space 99840K, 0% used [0x00000000ef200000,0x00000000ef200000,0x00000000f5380000)
 ParOldGen       total 462336K, used 167488K [0x0000000080000000, 0x000000009c380000, 0x00000000d5580000)
  object space 462336K, 36% used [0x0000000080000000,0x000000008a3900d0,0x000000009c380000)
 Metaspace       used 86897K, capacity 92258K, committed 92544K, reserved 1128448K
  class space    used 12127K, capacity 13071K, committed 13184K, reserved 1048576K
}
Event: 630.446 GC heap before
{Heap before GC invocations=14 (full 3):
 PSYoungGen      total 491008K, used 395830K [0x00000000d5580000, 0x00000000fe700000, 0x0000000100000000)
  eden space 422400K, 77% used [0x00000000d5580000,0x00000000e95133a8,0x00000000ef200000)
  from space 68608K, 99% used [0x00000000f5380000,0x00000000f967a480,0x00000000f9680000)
  to   space 99840K, 0% used [0x00000000ef200000,0x00000000ef200000,0x00000000f5380000)
 ParOldGen       total 462336K, used 167488K [0x0000000080000000, 0x000000009c380000, 0x00000000d5580000)
  object space 462336K, 36% used [0x0000000080000000,0x000000008a3900d0,0x000000009c380000)
 Metaspace       used 92935K, capacity 98518K, committed 98600K, reserved 1134592K
  class space    used 12662K, capacity 13633K, committed 13696K, reserved 1048576K
Event: 630.521 GC heap after
Heap after GC invocations=14 (full 3):
 PSYoungGen      total 522240K, used 71687K [0x00000000d5580000, 0x0000000100000000, 0x0000000100000000)
  eden space 422400K, 0% used [0x00000000d5580000,0x00000000d5580000,0x00000000ef200000)
  from space 99840K, 71% used [0x00000000ef200000,0x00000000f3801e98,0x00000000f5380000)
  to   space 106496K, 0% used [0x00000000f9800000,0x00000000f9800000,0x0000000100000000)
 ParOldGen       total 462336K, used 192117K [0x0000000080000000, 0x000000009c380000, 0x00000000d5580000)
  object space 462336K, 41% used [0x0000000080000000,0x000000008bb9d498,0x000000009c380000)
 Metaspace       used 92935K, capacity 98518K, committed 98600K, reserved 1134592K
  class space    used 12662K, capacity 13633K, committed 13696K, reserved 1048576K
}
Event: 630.521 GC heap before
{Heap before GC invocations=15 (full 4):
 PSYoungGen      total 522240K, used 71687K [0x00000000d5580000, 0x0000000100000000, 0x0000000100000000)
  eden space 422400K, 0% used [0x00000000d5580000,0x00000000d5580000,0x00000000ef200000)
  from space 99840K, 71% used [0x00000000ef200000,0x00000000f3801e98,0x00000000f5380000)
  to   space 106496K, 0% used [0x00000000f9800000,0x00000000f9800000,0x0000000100000000)
 ParOldGen       total 462336K, used 192117K [0x0000000080000000, 0x000000009c380000, 0x00000000d5580000)
  object space 462336K, 41% used [0x0000000080000000,0x000000008bb9d498,0x000000009c380000)
 Metaspace       used 92935K, capacity 98518K, committed 98600K, reserved 1134592K
  class space    used 12662K, capacity 13633K, committed 13696K, reserved 1048576K
Event: 630.643 GC heap after
Heap after GC invocations=15 (full 4):
 PSYoungGen      total 522240K, used 0K [0x00000000d5580000, 0x0000000100000000, 0x0000000100000000)
  eden space 422400K, 0% used [0x00000000d5580000,0x00000000d5580000,0x00000000ef200000)
  from space 99840K, 0% used [0x00000000ef200000,0x00000000ef200000,0x00000000f5380000)
  to   space 106496K, 0% used [0x00000000f9800000,0x00000000f9800000,0x0000000100000000)
 ParOldGen       total 668160K, used 86942K [0x0000000080000000, 0x00000000a8c80000, 0x00000000d5580000)
  object space 668160K, 13% used [0x0000000080000000,0x00000000854e7928,0x00000000a8c80000)
 Metaspace       used 92246K, capacity 96712K, committed 98600K, reserved 1134592K
  class space    used 12423K, capacity 13218K, committed 13696K, reserved 1048576K
}
Event: 673.262 GC heap before
{Heap before GC invocations=16 (full 4):
 PSYoungGen      total 522240K, used 422400K [0x00000000d5580000, 0x0000000100000000, 0x0000000100000000)
  eden space 422400K, 100% used [0x00000000d5580000,0x00000000ef200000,0x00000000ef200000)
  from space 99840K, 0% used [0x00000000ef200000,0x00000000ef200000,0x00000000f5380000)
  to   space 106496K, 0% used [0x00000000f9800000,0x00000000f9800000,0x0000000100000000)
 ParOldGen       total 668160K, used 86942K [0x0000000080000000, 0x00000000a8c80000, 0x00000000d5580000)
  object space 668160K, 13% used [0x0000000080000000,0x00000000854e7928,0x00000000a8c80000)
 Metaspace       used 105406K, capacity 110478K, committed 111616K, reserved 1146880K
  class space    used 13890K, capacity 14805K, committed 15104K, reserved 1048576K
Event: 673.281 GC heap after
Heap after GC invocations=16 (full 4):
 PSYoungGen      total 593408K, used 33985K [0x00000000d5580000, 0x00000000ffb80000, 0x0000000100000000)
  eden space 491520K, 0% used [0x00000000d5580000,0x00000000d5580000,0x00000000f3580000)
  from space 101888K, 33% used [0x00000000f9800000,0x00000000fb9304d8,0x00000000ffb80000)
  to   space 100864K, 0% used [0x00000000f3580000,0x00000000f3580000,0x00000000f9800000)
 ParOldGen       total 668160K, used 86950K [0x0000000080000000, 0x00000000a8c80000, 0x00000000d5580000)
  object space 668160K, 13% used [0x0000000080000000,0x00000000854e9928,0x00000000a8c80000)
 Metaspace       used 105406K, capacity 110478K, committed 111616K, reserved 1146880K
  class space    used 13890K, capacity 14805K, committed 15104K, reserved 1048576K
}

