# JRE version: OpenJDK Runtime Environment (11.0.11+9) (build 11.0.11+9-b60-7590822)
# Java VM: OpenJDK 64-Bit Server VM (11.0.11+9-b60-7590822, mixed mode, tiered, compressed oops, g1 gc, windows-amd64)
Heap:
 garbage-first heap   total 522240K, used 191696K [0x0000000080000000, 0x0000000100000000)
  region size 1024K, 157 young (160768K), 37 survivors (37888K)
 Metaspace       used 88671K, capacity 90940K, committed 91084K, reserved 1128448K
  class space    used 11354K, capacity 12189K, committed 12288K, reserved 1048576K
GC Heap History (16 events):
Event: 0.627 GC heap before
{Heap before GC invocations=0 (full 0):
 garbage-first heap   total 522240K, used 31744K [0x0000000080000000, 0x0000000100000000)
  region size 1024K, 25 young (25600K), 0 survivors (0K)
 Metaspace       used 9819K, capacity 9986K, committed 10112K, reserved 1058816K
  class space    used 1021K, capacity 1102K, committed 1152K, reserved 1048576K
}
Event: 0.632 GC heap after
{Heap after GC invocations=1 (full 0):
 garbage-first heap   total 522240K, used 9252K [0x0000000080000000, 0x0000000100000000)
  region size 1024K, 4 young (4096K), 4 survivors (4096K)
 Metaspace       used 9819K, capacity 9986K, committed 10112K, reserved 1058816K
  class space    used 1021K, capacity 1102K, committed 1152K, reserved 1048576K
}
Event: 2.234 GC heap before
{Heap before GC invocations=1 (full 0):
 garbage-first heap   total 522240K, used 104484K [0x0000000080000000, 0x0000000100000000)
  region size 1024K, 98 young (100352K), 4 survivors (4096K)
 Metaspace       used 20587K, capacity 21118K, committed 21248K, reserved 1067008K
  class space    used 2518K, capacity 2720K, committed 2816K, reserved 1048576K
}
Event: 2.243 GC heap after
{Heap after GC invocations=2 (full 0):
 garbage-first heap   total 522240K, used 16412K [0x0000000080000000, 0x0000000100000000)
  region size 1024K, 11 young (11264K), 11 survivors (11264K)
 Metaspace       used 20587K, capacity 21118K, committed 21248K, reserved 1067008K
  class space    used 2518K, capacity 2720K, committed 2816K, reserved 1048576K
}
Event: 2.620 GC heap before
{Heap before GC invocations=3 (full 0):
 garbage-first heap   total 522240K, used 60444K [0x0000000080000000, 0x0000000100000000)
  region size 1024K, 54 young (55296K), 11 survivors (11264K)
 Metaspace       used 24992K, capacity 25539K, committed 25728K, reserved 1071104K
  class space    used 3246K, capacity 3453K, committed 3456K, reserved 1048576K
}
Event: 2.625 GC heap after
{Heap after GC invocations=4 (full 0):
 garbage-first heap   total 522240K, used 18511K [0x0000000080000000, 0x0000000100000000)
  region size 1024K, 2 young (2048K), 2 survivors (2048K)
 Metaspace       used 24992K, capacity 25539K, committed 25728K, reserved 1071104K
  class space    used 3246K, capacity 3453K, committed 3456K, reserved 1048576K
}
Event: 3.363 GC heap before
{Heap before GC invocations=4 (full 0):
 garbage-first heap   total 522240K, used 84047K [0x0000000080000000, 0x0000000100000000)
  region size 1024K, 67 young (68608K), 2 survivors (2048K)
 Metaspace       used 34996K, capacity 35798K, committed 35840K, reserved 1081344K
  class space    used 4537K, capacity 4832K, committed 4864K, reserved 1048576K
}
Event: 3.372 GC heap after
{Heap after GC invocations=5 (full 0):
 garbage-first heap   total 522240K, used 21983K [0x0000000080000000, 0x0000000100000000)
  region size 1024K, 6 young (6144K), 6 survivors (6144K)
 Metaspace       used 34996K, capacity 35798K, committed 35840K, reserved 1081344K
  class space    used 4537K, capacity 4832K, committed 4864K, reserved 1048576K
}
Event: 4.163 GC heap before
{Heap before GC invocations=6 (full 0):
 garbage-first heap   total 522240K, used 119263K [0x0000000080000000, 0x0000000100000000)
  region size 1024K, 97 young (99328K), 6 survivors (6144K)
 Metaspace       used 42890K, capacity 43906K, committed 44032K, reserved 1087488K
  class space    used 5474K, capacity 5817K, committed 5888K, reserved 1048576K
}
Event: 4.169 GC heap after
{Heap after GC invocations=7 (full 0):
 garbage-first heap   total 522240K, used 28194K [0x0000000080000000, 0x0000000100000000)
  region size 1024K, 12 young (12288K), 12 survivors (12288K)
 Metaspace       used 42890K, capacity 43906K, committed 44032K, reserved 1087488K
  class space    used 5474K, capacity 5817K, committed 5888K, reserved 1048576K
}
Event: 5.275 GC heap before
{Heap before GC invocations=7 (full 0):
 garbage-first heap   total 522240K, used 157218K [0x0000000080000000, 0x0000000100000000)
  region size 1024K, 131 young (134144K), 12 survivors (12288K)
 Metaspace       used 51220K, capacity 52557K, committed 52864K, reserved 1095680K
  class space    used 6520K, capacity 6953K, committed 7040K, reserved 1048576K
}
Event: 5.286 GC heap after
{Heap after GC invocations=8 (full 0):
 garbage-first heap   total 522240K, used 47192K [0x0000000080000000, 0x0000000100000000)
  region size 1024K, 17 young (17408K), 17 survivors (17408K)
 Metaspace       used 51220K, capacity 52557K, committed 52864K, reserved 1095680K
  class space    used 6520K, capacity 6953K, committed 7040K, reserved 1048576K
}
Event: 5.719 GC heap before
{Heap before GC invocations=8 (full 0):
 garbage-first heap   total 522240K, used 92248K [0x0000000080000000, 0x0000000100000000)
  region size 1024K, 62 young (63488K), 17 survivors (17408K)
 Metaspace       used 58533K, capacity 60118K, committed 60160K, reserved 1101824K
  class space    used 7391K, capacity 7936K, committed 7936K, reserved 1048576K
}
Event: 5.734 GC heap after
{Heap after GC invocations=9 (full 0):
 garbage-first heap   total 522240K, used 49838K [0x0000000080000000, 0x0000000100000000)
  region size 1024K, 20 young (20480K), 20 survivors (20480K)
 Metaspace       used 58533K, capacity 60118K, committed 60160K, reserved 1101824K
  class space    used 7391K, capacity 7936K, committed 7936K, reserved 1048576K
}
Event: 8.493 GC heap before
{Heap before GC invocations=10 (full 0):
 garbage-first heap   total 522240K, used 333486K [0x0000000080000000, 0x0000000100000000)
  region size 1024K, 296 young (303104K), 20 survivors (20480K)
 Metaspace       used 84479K, capacity 86439K, committed 86476K, reserved 1124352K
  class space    used 10820K, capacity 11513K, committed 11520K, reserved 1048576K
}
Event: 8.515 GC heap after
{Heap after GC invocations=11 (full 0):
 garbage-first heap   total 522240K, used 68816K [0x0000000080000000, 0x0000000100000000)
  region size 1024K, 37 young (37888K), 37 survivors (37888K)
 Metaspace       used 84479K, capacity 86439K, committed 86476K, reserved 1124352K
  class space    used 10820K, capacity 11513K, committed 11520K, reserved 1048576K
}

