# JRE version: OpenJDK Runtime Environment (8.0_312-b07) (build 1.8.0_312-b07)
# Java VM: OpenJDK 64-Bit Server VM (25.312-b07 mixed mode windows-amd64 compressed oops)
Heap:
 PSYoungGen      total 210944K, used 110073K [0x00000000d5580000, 0x00000000e9a00000, 0x0000000100000000)
  eden space 189440K, 58% used [0x00000000d5580000,0x00000000dc0fe648,0x00000000e0e80000)
  from space 21504K, 0% used [0x00000000e2600000,0x00000000e2600000,0x00000000e3b00000)
  to   space 24064K, 0% used [0x00000000e0e80000,0x00000000e0e80000,0x00000000e2600000)
 ParOldGen       total 465408K, used 38194K [0x0000000080000000, 0x000000009c680000, 0x00000000d5580000)
  object space 465408K, 8% used [0x0000000080000000,0x000000008254ca08,0x000000009c680000)
 Metaspace       used 64938K, capacity 67424K, committed 67712K, reserved 1110016K
  class space    used 9085K, capacity 9562K, committed 9600K, reserved 1048576K
GC Heap History (10 events):
Event: 5.559 GC heap before
{Heap before GC invocations=5 (full 1):
 PSYoungGen      total 152576K, used 55742K [0x00000000d5580000, 0x00000000e3b00000, 0x0000000100000000)
  eden space 131072K, 31% used [0x00000000d5580000,0x00000000d7e1ba30,0x00000000dd580000)
  from space 21504K, 65% used [0x00000000dd580000,0x00000000de353fc8,0x00000000dea80000)
  to   space 21504K, 0% used [0x00000000e2600000,0x00000000e2600000,0x00000000e3b00000)
 ParOldGen       total 219648K, used 13199K [0x0000000080000000, 0x000000008d680000, 0x00000000d5580000)
  object space 219648K, 6% used [0x0000000080000000,0x0000000080ce3c78,0x000000008d680000)
 Metaspace       used 34347K, capacity 35444K, committed 35496K, reserved 1079296K
  class space    used 4836K, capacity 5097K, committed 5120K, reserved 1048576K
Event: 5.577 GC heap after
Heap after GC invocations=5 (full 1):
 PSYoungGen      total 213504K, used 8964K [0x00000000d5580000, 0x00000000e4d00000, 0x0000000100000000)
  eden space 192000K, 0% used [0x00000000d5580000,0x00000000d5580000,0x00000000e1100000)
  from space 21504K, 41% used [0x00000000e2600000,0x00000000e2ec1030,0x00000000e3b00000)
  to   space 21504K, 0% used [0x00000000e1100000,0x00000000e1100000,0x00000000e2600000)
 ParOldGen       total 219648K, used 13207K [0x0000000080000000, 0x000000008d680000, 0x00000000d5580000)
  object space 219648K, 6% used [0x0000000080000000,0x0000000080ce5c78,0x000000008d680000)
 Metaspace       used 34347K, capacity 35444K, committed 35496K, reserved 1079296K
  class space    used 4836K, capacity 5097K, committed 5120K, reserved 1048576K
}
Event: 5.577 GC heap before
{Heap before GC invocations=6 (full 2):
 PSYoungGen      total 213504K, used 8964K [0x00000000d5580000, 0x00000000e4d00000, 0x0000000100000000)
  eden space 192000K, 0% used [0x00000000d5580000,0x00000000d5580000,0x00000000e1100000)
  from space 21504K, 41% used [0x00000000e2600000,0x00000000e2ec1030,0x00000000e3b00000)
  to   space 21504K, 0% used [0x00000000e1100000,0x00000000e1100000,0x00000000e2600000)
 ParOldGen       total 219648K, used 13207K [0x0000000080000000, 0x000000008d680000, 0x00000000d5580000)
  object space 219648K, 6% used [0x0000000080000000,0x0000000080ce5c78,0x000000008d680000)
 Metaspace       used 34347K, capacity 35444K, committed 35496K, reserved 1079296K
  class space    used 4836K, capacity 5097K, committed 5120K, reserved 1048576K
Event: 5.623 GC heap after
Heap after GC invocations=6 (full 2):
 PSYoungGen      total 213504K, used 0K [0x00000000d5580000, 0x00000000e4d00000, 0x0000000100000000)
  eden space 192000K, 0% used [0x00000000d5580000,0x00000000d5580000,0x00000000e1100000)
  from space 21504K, 0% used [0x00000000e2600000,0x00000000e2600000,0x00000000e3b00000)
  to   space 21504K, 0% used [0x00000000e1100000,0x00000000e1100000,0x00000000e2600000)
 ParOldGen       total 320512K, used 15510K [0x0000000080000000, 0x0000000093900000, 0x00000000d5580000)
  object space 320512K, 4% used [0x0000000080000000,0x0000000080f25898,0x0000000093900000)
 Metaspace       used 34347K, capacity 35444K, committed 35496K, reserved 1079296K
  class space    used 4836K, capacity 5097K, committed 5120K, reserved 1048576K
}
Event: 6.687 GC heap before
{Heap before GC invocations=7 (full 2):
 PSYoungGen      total 213504K, used 192000K [0x00000000d5580000, 0x00000000e4d00000, 0x0000000100000000)
  eden space 192000K, 100% used [0x00000000d5580000,0x00000000e1100000,0x00000000e1100000)
  from space 21504K, 0% used [0x00000000e2600000,0x00000000e2600000,0x00000000e3b00000)
  to   space 21504K, 0% used [0x00000000e1100000,0x00000000e1100000,0x00000000e2600000)
 ParOldGen       total 320512K, used 15510K [0x0000000080000000, 0x0000000093900000, 0x00000000d5580000)
  object space 320512K, 4% used [0x0000000080000000,0x0000000080f25898,0x0000000093900000)
 Metaspace       used 44281K, capacity 46180K, committed 46464K, reserved 1089536K
  class space    used 6126K, capacity 6498K, committed 6528K, reserved 1048576K
Event: 6.696 GC heap after
Heap after GC invocations=7 (full 2):
 PSYoungGen      total 213504K, used 13816K [0x00000000d5580000, 0x00000000e4d00000, 0x0000000100000000)
  eden space 192000K, 0% used [0x00000000d5580000,0x00000000d5580000,0x00000000e1100000)
  from space 21504K, 64% used [0x00000000e1100000,0x00000000e1e7e280,0x00000000e2600000)
  to   space 21504K, 0% used [0x00000000e2600000,0x00000000e2600000,0x00000000e3b00000)
 ParOldGen       total 320512K, used 15518K [0x0000000080000000, 0x0000000093900000, 0x00000000d5580000)
  object space 320512K, 4% used [0x0000000080000000,0x0000000080f27898,0x0000000093900000)
 Metaspace       used 44281K, capacity 46180K, committed 46464K, reserved 1089536K
  class space    used 6126K, capacity 6498K, committed 6528K, reserved 1048576K
}
Event: 8.407 GC heap before
{Heap before GC invocations=8 (full 2):
 PSYoungGen      total 213504K, used 179400K [0x00000000d5580000, 0x00000000e4d00000, 0x0000000100000000)
  eden space 192000K, 86% used [0x00000000d5580000,0x00000000df733f38,0x00000000e1100000)
  from space 21504K, 64% used [0x00000000e1100000,0x00000000e1e7e280,0x00000000e2600000)
  to   space 21504K, 0% used [0x00000000e2600000,0x00000000e2600000,0x00000000e3b00000)
 ParOldGen       total 320512K, used 15518K [0x0000000080000000, 0x0000000093900000, 0x00000000d5580000)
  object space 320512K, 4% used [0x0000000080000000,0x0000000080f27898,0x0000000093900000)
 Metaspace       used 56890K, capacity 59080K, committed 59160K, reserved 1099776K
  class space    used 7821K, capacity 8245K, committed 8320K, reserved 1048576K
Event: 8.425 GC heap after
Heap after GC invocations=8 (full 2):
 PSYoungGen      total 210944K, used 21480K [0x00000000d5580000, 0x00000000e9a00000, 0x0000000100000000)
  eden space 189440K, 0% used [0x00000000d5580000,0x00000000d5580000,0x00000000e0e80000)
  from space 21504K, 99% used [0x00000000e2600000,0x00000000e3afa340,0x00000000e3b00000)
  to   space 24064K, 0% used [0x00000000e0e80000,0x00000000e0e80000,0x00000000e2600000)
 ParOldGen       total 320512K, used 19911K [0x0000000080000000, 0x0000000093900000, 0x00000000d5580000)
  object space 320512K, 6% used [0x0000000080000000,0x0000000081371d78,0x0000000093900000)
 Metaspace       used 56890K, capacity 59080K, committed 59160K, reserved 1099776K
  class space    used 7821K, capacity 8245K, committed 8320K, reserved 1048576K
}
Event: 8.425 GC heap before
{Heap before GC invocations=9 (full 3):
 PSYoungGen      total 210944K, used 21480K [0x00000000d5580000, 0x00000000e9a00000, 0x0000000100000000)
  eden space 189440K, 0% used [0x00000000d5580000,0x00000000d5580000,0x00000000e0e80000)
  from space 21504K, 99% used [0x00000000e2600000,0x00000000e3afa340,0x00000000e3b00000)
  to   space 24064K, 0% used [0x00000000e0e80000,0x00000000e0e80000,0x00000000e2600000)
 ParOldGen       total 320512K, used 19911K [0x0000000080000000, 0x0000000093900000, 0x00000000d5580000)
  object space 320512K, 6% used [0x0000000080000000,0x0000000081371d78,0x0000000093900000)
 Metaspace       used 56890K, capacity 59080K, committed 59160K, reserved 1099776K
  class space    used 7821K, capacity 8245K, committed 8320K, reserved 1048576K
Event: 8.561 GC heap after
Heap after GC invocations=9 (full 3):
 PSYoungGen      total 210944K, used 0K [0x00000000d5580000, 0x00000000e9a00000, 0x0000000100000000)
  eden space 189440K, 0% used [0x00000000d5580000,0x00000000d5580000,0x00000000e0e80000)
  from space 21504K, 0% used [0x00000000e2600000,0x00000000e2600000,0x00000000e3b00000)
  to   space 24064K, 0% used [0x00000000e0e80000,0x00000000e0e80000,0x00000000e2600000)
 ParOldGen       total 465408K, used 38194K [0x0000000080000000, 0x000000009c680000, 0x00000000d5580000)
  object space 465408K, 8% used [0x0000000080000000,0x000000008254ca08,0x000000009c680000)
 Metaspace       used 56851K, capacity 58948K, committed 59160K, reserved 1099776K
  class space    used 7808K, capacity 8223K, committed 8320K, reserved 1048576K
}

