# JRE version: OpenJDK Runtime Environment (8.0_312-b07) (build 1.8.0_312-b07)
# Java VM: OpenJDK 64-Bit Server VM (25.312-b07 mixed mode windows-amd64 compressed oops)
Heap:
 PSYoungGen      total 220672K, used 10008K [0x00000000d5580000, 0x00000000e4d80000, 0x0000000100000000)
  eden space 199168K, 5% used [0x00000000d5580000,0x00000000d5f46270,0x00000000e1800000)
  from space 21504K, 0% used [0x00000000e2d00000,0x00000000e2d00000,0x00000000e4200000)
  to   space 21504K, 0% used [0x00000000e1800000,0x00000000e1800000,0x00000000e2d00000)
 ParOldGen       total 298496K, used 15520K [0x0000000080000000, 0x0000000092380000, 0x00000000d5580000)
  object space 298496K, 5% used [0x0000000080000000,0x0000000080f280d0,0x0000000092380000)
 Metaspace       used 34666K, capacity 35860K, committed 36224K, reserved 1081344K
  class space    used 4878K, capacity 5135K, committed 5248K, reserved 1048576K
GC Heap History (10 events):
Event: 2.473 GC heap before
{Heap before GC invocations=2 (full 0):
 PSYoungGen      total 152576K, used 101244K [0x00000000d5580000, 0x00000000dff80000, 0x0000000100000000)
  eden space 131072K, 69% used [0x00000000d5580000,0x00000000dae06fa0,0x00000000dd580000)
  from space 21504K, 49% used [0x00000000dd580000,0x00000000ddfd8398,0x00000000dea80000)
  to   space 21504K, 0% used [0x00000000dea80000,0x00000000dea80000,0x00000000dff80000)
 ParOldGen       total 348160K, used 16K [0x0000000080000000, 0x0000000095400000, 0x00000000d5580000)
  object space 348160K, 0% used [0x0000000080000000,0x0000000080004000,0x0000000095400000)
 Metaspace       used 20511K, capacity 21176K, committed 21296K, reserved 1067008K
  class space    used 2932K, capacity 3108K, committed 3200K, reserved 1048576K
Event: 2.487 GC heap after
Heap after GC invocations=2 (full 0):
 PSYoungGen      total 152576K, used 13505K [0x00000000d5580000, 0x00000000dff80000, 0x0000000100000000)
  eden space 131072K, 0% used [0x00000000d5580000,0x00000000d5580000,0x00000000dd580000)
  from space 21504K, 62% used [0x00000000dea80000,0x00000000df7b0770,0x00000000dff80000)
  to   space 21504K, 0% used [0x00000000dd580000,0x00000000dd580000,0x00000000dea80000)
 ParOldGen       total 348160K, used 24K [0x0000000080000000, 0x0000000095400000, 0x00000000d5580000)
  object space 348160K, 0% used [0x0000000080000000,0x0000000080006000,0x0000000095400000)
 Metaspace       used 20511K, capacity 21176K, committed 21296K, reserved 1067008K
  class space    used 2932K, capacity 3108K, committed 3200K, reserved 1048576K
}
Event: 2.487 GC heap before
{Heap before GC invocations=3 (full 1):
 PSYoungGen      total 152576K, used 13505K [0x00000000d5580000, 0x00000000dff80000, 0x0000000100000000)
  eden space 131072K, 0% used [0x00000000d5580000,0x00000000d5580000,0x00000000dd580000)
  from space 21504K, 62% used [0x00000000dea80000,0x00000000df7b0770,0x00000000dff80000)
  to   space 21504K, 0% used [0x00000000dd580000,0x00000000dd580000,0x00000000dea80000)
 ParOldGen       total 348160K, used 24K [0x0000000080000000, 0x0000000095400000, 0x00000000d5580000)
  object space 348160K, 0% used [0x0000000080000000,0x0000000080006000,0x0000000095400000)
 Metaspace       used 20511K, capacity 21176K, committed 21296K, reserved 1067008K
  class space    used 2932K, capacity 3108K, committed 3200K, reserved 1048576K
Event: 2.516 GC heap after
Heap after GC invocations=3 (full 1):
 PSYoungGen      total 152576K, used 0K [0x00000000d5580000, 0x00000000dff80000, 0x0000000100000000)
  eden space 131072K, 0% used [0x00000000d5580000,0x00000000d5580000,0x00000000dd580000)
  from space 21504K, 0% used [0x00000000dea80000,0x00000000dea80000,0x00000000dff80000)
  to   space 21504K, 0% used [0x00000000dd580000,0x00000000dd580000,0x00000000dea80000)
 ParOldGen       total 202240K, used 12969K [0x0000000080000000, 0x000000008c580000, 0x00000000d5580000)
  object space 202240K, 6% used [0x0000000080000000,0x0000000080caa4b0,0x000000008c580000)
 Metaspace       used 20511K, capacity 21176K, committed 21296K, reserved 1067008K
  class space    used 2932K, capacity 3108K, committed 3200K, reserved 1048576K
}
Event: 3.772 GC heap before
{Heap before GC invocations=4 (full 1):
 PSYoungGen      total 152576K, used 131072K [0x00000000d5580000, 0x00000000dff80000, 0x0000000100000000)
  eden space 131072K, 100% used [0x00000000d5580000,0x00000000dd580000,0x00000000dd580000)
  from space 21504K, 0% used [0x00000000dea80000,0x00000000dea80000,0x00000000dff80000)
  to   space 21504K, 0% used [0x00000000dd580000,0x00000000dd580000,0x00000000dea80000)
 ParOldGen       total 202240K, used 12969K [0x0000000080000000, 0x000000008c580000, 0x00000000d5580000)
  object space 202240K, 6% used [0x0000000080000000,0x0000000080caa4b0,0x000000008c580000)
 Metaspace       used 32744K, capacity 33690K, committed 33792K, reserved 1079296K
  class space    used 4563K, capacity 4783K, committed 4864K, reserved 1048576K
Event: 3.782 GC heap after
Heap after GC invocations=4 (full 1):
 PSYoungGen      total 152576K, used 14322K [0x00000000d5580000, 0x00000000e4200000, 0x0000000100000000)
  eden space 131072K, 0% used [0x00000000d5580000,0x00000000d5580000,0x00000000dd580000)
  from space 21504K, 66% used [0x00000000dd580000,0x00000000de37ca40,0x00000000dea80000)
  to   space 21504K, 0% used [0x00000000e2d00000,0x00000000e2d00000,0x00000000e4200000)
 ParOldGen       total 202240K, used 12977K [0x0000000080000000, 0x000000008c580000, 0x00000000d5580000)
  object space 202240K, 6% used [0x0000000080000000,0x0000000080cac4b0,0x000000008c580000)
 Metaspace       used 32744K, capacity 33690K, committed 33792K, reserved 1079296K
  class space    used 4563K, capacity 4783K, committed 4864K, reserved 1048576K
}
Event: 3.997 GC heap before
{Heap before GC invocations=5 (full 1):
 PSYoungGen      total 152576K, used 55392K [0x00000000d5580000, 0x00000000e4200000, 0x0000000100000000)
  eden space 131072K, 31% used [0x00000000d5580000,0x00000000d7d9b610,0x00000000dd580000)
  from space 21504K, 66% used [0x00000000dd580000,0x00000000de37ca40,0x00000000dea80000)
  to   space 21504K, 0% used [0x00000000e2d00000,0x00000000e2d00000,0x00000000e4200000)
 ParOldGen       total 202240K, used 12977K [0x0000000080000000, 0x000000008c580000, 0x00000000d5580000)
  object space 202240K, 6% used [0x0000000080000000,0x0000000080cac4b0,0x000000008c580000)
 Metaspace       used 34353K, capacity 35428K, committed 35496K, reserved 1079296K
  class space    used 4837K, capacity 5097K, committed 5120K, reserved 1048576K
Event: 4.005 GC heap after
Heap after GC invocations=5 (full 1):
 PSYoungGen      total 220672K, used 8885K [0x00000000d5580000, 0x00000000e4d80000, 0x0000000100000000)
  eden space 199168K, 0% used [0x00000000d5580000,0x00000000d5580000,0x00000000e1800000)
  from space 21504K, 41% used [0x00000000e2d00000,0x00000000e35ad670,0x00000000e4200000)
  to   space 21504K, 0% used [0x00000000e1800000,0x00000000e1800000,0x00000000e2d00000)
 ParOldGen       total 202240K, used 12977K [0x0000000080000000, 0x000000008c580000, 0x00000000d5580000)
  object space 202240K, 6% used [0x0000000080000000,0x0000000080cac4b0,0x000000008c580000)
 Metaspace       used 34353K, capacity 35428K, committed 35496K, reserved 1079296K
  class space    used 4837K, capacity 5097K, committed 5120K, reserved 1048576K
}
Event: 4.005 GC heap before
{Heap before GC invocations=6 (full 2):
 PSYoungGen      total 220672K, used 8885K [0x00000000d5580000, 0x00000000e4d80000, 0x0000000100000000)
  eden space 199168K, 0% used [0x00000000d5580000,0x00000000d5580000,0x00000000e1800000)
  from space 21504K, 41% used [0x00000000e2d00000,0x00000000e35ad670,0x00000000e4200000)
  to   space 21504K, 0% used [0x00000000e1800000,0x00000000e1800000,0x00000000e2d00000)
 ParOldGen       total 202240K, used 12977K [0x0000000080000000, 0x000000008c580000, 0x00000000d5580000)
  object space 202240K, 6% used [0x0000000080000000,0x0000000080cac4b0,0x000000008c580000)
 Metaspace       used 34353K, capacity 35428K, committed 35496K, reserved 1079296K
  class space    used 4837K, capacity 5097K, committed 5120K, reserved 1048576K
Event: 4.040 GC heap after
Heap after GC invocations=6 (full 2):
 PSYoungGen      total 220672K, used 0K [0x00000000d5580000, 0x00000000e4d80000, 0x0000000100000000)
  eden space 199168K, 0% used [0x00000000d5580000,0x00000000d5580000,0x00000000e1800000)
  from space 21504K, 0% used [0x00000000e2d00000,0x00000000e2d00000,0x00000000e4200000)
  to   space 21504K, 0% used [0x00000000e1800000,0x00000000e1800000,0x00000000e2d00000)
 ParOldGen       total 298496K, used 15520K [0x0000000080000000, 0x0000000092380000, 0x00000000d5580000)
  object space 298496K, 5% used [0x0000000080000000,0x0000000080f280d0,0x0000000092380000)
 Metaspace       used 34353K, capacity 35428K, committed 35496K, reserved 1079296K
  class space    used 4837K, capacity 5097K, committed 5120K, reserved 1048576K
}

