# JRE version: OpenJDK Runtime Environment (8.0_312-b07) (build 1.8.0_312-b07)
# Java VM: OpenJDK 64-Bit Server VM (25.312-b07 mixed mode windows-amd64 compressed oops)
Heap:
 PSYoungGen      total 152576K, used 89063K [0x0000000716100000, 0x0000000722c80000, 0x00000007c0000000)
  eden space 131072K, 51% used [0x0000000716100000,0x000000071a2fe468,0x000000071e100000)
  from space 21504K, 99% used [0x000000071e100000,0x000000071f5fb8f8,0x000000071f600000)
  to   space 21504K, 0% used [0x0000000721780000,0x0000000721780000,0x0000000722c80000)
 ParOldGen       total 247296K, used 39259K [0x00000005c2200000, 0x00000005d1380000, 0x0000000716100000)
  object space 247296K, 15% used [0x00000005c2200000,0x00000005c4856f50,0x00000005d1380000)
 Metaspace       used 51392K, capacity 52357K, committed 52656K, reserved 1095680K
  class space    used 6294K, capacity 6565K, committed 6576K, reserved 1048576K
GC Heap History (10 events):
Event: 0.936 GC heap before
{Heap before GC invocations=1 (full 0):
 PSYoungGen      total 152576K, used 102706K [0x0000000716100000, 0x0000000720b00000, 0x00000007c0000000)
  eden space 131072K, 78% used [0x0000000716100000,0x000000071c54c8c0,0x000000071e100000)
  from space 21504K, 0% used [0x000000071f600000,0x000000071f600000,0x0000000720b00000)
  to   space 21504K, 0% used [0x000000071e100000,0x000000071e100000,0x000000071f600000)
 ParOldGen       total 348160K, used 0K [0x00000005c2200000, 0x00000005d7600000, 0x0000000716100000)
  object space 348160K, 0% used [0x00000005c2200000,0x00000005c2200000,0x00000005d7600000)
 Metaspace       used 20851K, capacity 21205K, committed 21296K, reserved 1069056K
  class space    used 2447K, capacity 2581K, committed 2608K, reserved 1048576K
Event: 0.947 GC heap after
Heap after GC invocations=1 (full 0):
 PSYoungGen      total 152576K, used 21501K [0x0000000716100000, 0x0000000720b00000, 0x00000007c0000000)
  eden space 131072K, 0% used [0x0000000716100000,0x0000000716100000,0x000000071e100000)
  from space 21504K, 99% used [0x000000071e100000,0x000000071f5ff598,0x000000071f600000)
  to   space 21504K, 0% used [0x000000071f600000,0x000000071f600000,0x0000000720b00000)
 ParOldGen       total 348160K, used 3664K [0x00000005c2200000, 0x00000005d7600000, 0x0000000716100000)
  object space 348160K, 1% used [0x00000005c2200000,0x00000005c25940f0,0x00000005d7600000)
 Metaspace       used 20851K, capacity 21205K, committed 21296K, reserved 1069056K
  class space    used 2447K, capacity 2581K, committed 2608K, reserved 1048576K
}
Event: 0.947 GC heap before
{Heap before GC invocations=2 (full 1):
 PSYoungGen      total 152576K, used 21501K [0x0000000716100000, 0x0000000720b00000, 0x00000007c0000000)
  eden space 131072K, 0% used [0x0000000716100000,0x0000000716100000,0x000000071e100000)
  from space 21504K, 99% used [0x000000071e100000,0x000000071f5ff598,0x000000071f600000)
  to   space 21504K, 0% used [0x000000071f600000,0x000000071f600000,0x0000000720b00000)
 ParOldGen       total 348160K, used 3664K [0x00000005c2200000, 0x00000005d7600000, 0x0000000716100000)
  object space 348160K, 1% used [0x00000005c2200000,0x00000005c25940f0,0x00000005d7600000)
 Metaspace       used 20851K, capacity 21205K, committed 21296K, reserved 1069056K
  class space    used 2447K, capacity 2581K, committed 2608K, reserved 1048576K
Event: 0.970 GC heap after
Heap after GC invocations=2 (full 1):
 PSYoungGen      total 152576K, used 0K [0x0000000716100000, 0x0000000720b00000, 0x00000007c0000000)
  eden space 131072K, 0% used [0x0000000716100000,0x0000000716100000,0x000000071e100000)
  from space 21504K, 0% used [0x000000071e100000,0x000000071e100000,0x000000071f600000)
  to   space 21504K, 0% used [0x000000071f600000,0x000000071f600000,0x0000000720b00000)
 ParOldGen       total 247296K, used 24258K [0x00000005c2200000, 0x00000005d1380000, 0x0000000716100000)
  object space 247296K, 9% used [0x00000005c2200000,0x00000005c39b0be0,0x00000005d1380000)
 Metaspace       used 20851K, capacity 21205K, committed 21296K, reserved 1069056K
  class space    used 2447K, capacity 2581K, committed 2608K, reserved 1048576K
}
Event: 1.840 GC heap before
{Heap before GC invocations=3 (full 1):
 PSYoungGen      total 152576K, used 98422K [0x0000000716100000, 0x0000000720b00000, 0x00000007c0000000)
  eden space 131072K, 75% used [0x0000000716100000,0x000000071c11da18,0x000000071e100000)
  from space 21504K, 0% used [0x000000071e100000,0x000000071e100000,0x000000071f600000)
  to   space 21504K, 0% used [0x000000071f600000,0x000000071f600000,0x0000000720b00000)
 ParOldGen       total 247296K, used 24258K [0x00000005c2200000, 0x00000005d1380000, 0x0000000716100000)
  object space 247296K, 9% used [0x00000005c2200000,0x00000005c39b0be0,0x00000005d1380000)
 Metaspace       used 34730K, capacity 35259K, committed 35496K, reserved 1081344K
  class space    used 4467K, capacity 4643K, committed 4656K, reserved 1048576K
Event: 1.851 GC heap after
Heap after GC invocations=3 (full 1):
 PSYoungGen      total 152576K, used 21495K [0x0000000716100000, 0x0000000723680000, 0x00000007c0000000)
  eden space 131072K, 0% used [0x0000000716100000,0x0000000716100000,0x000000071e100000)
  from space 21504K, 99% used [0x000000071f600000,0x0000000720afdf10,0x0000000720b00000)
  to   space 21504K, 0% used [0x000000071e100000,0x000000071e100000,0x000000071f600000)
 ParOldGen       total 247296K, used 26503K [0x00000005c2200000, 0x00000005d1380000, 0x0000000716100000)
  object space 247296K, 10% used [0x00000005c2200000,0x00000005c3be1f30,0x00000005d1380000)
 Metaspace       used 34730K, capacity 35259K, committed 35496K, reserved 1081344K
  class space    used 4467K, capacity 4643K, committed 4656K, reserved 1048576K
}
Event: 1.851 GC heap before
{Heap before GC invocations=4 (full 2):
 PSYoungGen      total 152576K, used 21495K [0x0000000716100000, 0x0000000723680000, 0x00000007c0000000)
  eden space 131072K, 0% used [0x0000000716100000,0x0000000716100000,0x000000071e100000)
  from space 21504K, 99% used [0x000000071f600000,0x0000000720afdf10,0x0000000720b00000)
  to   space 21504K, 0% used [0x000000071e100000,0x000000071e100000,0x000000071f600000)
 ParOldGen       total 247296K, used 26503K [0x00000005c2200000, 0x00000005d1380000, 0x0000000716100000)
  object space 247296K, 10% used [0x00000005c2200000,0x00000005c3be1f30,0x00000005d1380000)
 Metaspace       used 34730K, capacity 35259K, committed 35496K, reserved 1081344K
  class space    used 4467K, capacity 4643K, committed 4656K, reserved 1048576K
Event: 1.887 GC heap after
Heap after GC invocations=4 (full 2):
 PSYoungGen      total 152576K, used 0K [0x0000000716100000, 0x0000000723680000, 0x00000007c0000000)
  eden space 131072K, 0% used [0x0000000716100000,0x0000000716100000,0x000000071e100000)
  from space 21504K, 0% used [0x000000071f600000,0x000000071f600000,0x0000000720b00000)
  to   space 21504K, 0% used [0x000000071e100000,0x000000071e100000,0x000000071f600000)
 ParOldGen       total 247296K, used 34540K [0x00000005c2200000, 0x00000005d1380000, 0x0000000716100000)
  object space 247296K, 13% used [0x00000005c2200000,0x00000005c43bb3f8,0x00000005d1380000)
 Metaspace       used 34730K, capacity 35259K, committed 35496K, reserved 1081344K
  class space    used 4467K, capacity 4643K, committed 4656K, reserved 1048576K
}
Event: 2.963 GC heap before
{Heap before GC invocations=5 (full 2):
 PSYoungGen      total 152576K, used 131072K [0x0000000716100000, 0x0000000723680000, 0x00000007c0000000)
  eden space 131072K, 100% used [0x0000000716100000,0x000000071e100000,0x000000071e100000)
  from space 21504K, 0% used [0x000000071f600000,0x000000071f600000,0x0000000720b00000)
  to   space 21504K, 0% used [0x000000071e100000,0x000000071e100000,0x000000071f600000)
 ParOldGen       total 247296K, used 34540K [0x00000005c2200000, 0x00000005d1380000, 0x0000000716100000)
  object space 247296K, 13% used [0x00000005c2200000,0x00000005c43bb3f8,0x00000005d1380000)
 Metaspace       used 48624K, capacity 49509K, committed 49968K, reserved 1093632K
  class space    used 6138K, capacity 6403K, committed 6448K, reserved 1048576K
Event: 2.973 GC heap after
Heap after GC invocations=5 (full 2):
 PSYoungGen      total 152576K, used 21486K [0x0000000716100000, 0x0000000722c80000, 0x00000007c0000000)
  eden space 131072K, 0% used [0x0000000716100000,0x0000000716100000,0x000000071e100000)
  from space 21504K, 99% used [0x000000071e100000,0x000000071f5fb8f8,0x000000071f600000)
  to   space 21504K, 0% used [0x0000000721780000,0x0000000721780000,0x0000000722c80000)
 ParOldGen       total 247296K, used 39259K [0x00000005c2200000, 0x00000005d1380000, 0x0000000716100000)
  object space 247296K, 15% used [0x00000005c2200000,0x00000005c4856f50,0x00000005d1380000)
 Metaspace       used 48624K, capacity 49509K, committed 49968K, reserved 1093632K
  class space    used 6138K, capacity 6403K, committed 6448K, reserved 1048576K
}

