# JRE version: OpenJDK Runtime Environment (8.0_312-b07) (build 1.8.0_312-b07)
# Java VM: OpenJDK 64-Bit Server VM (25.312-b07 mixed mode windows-amd64 compressed oops)
Heap:
 PSYoungGen      total 188416K, used 37206K [0x0000000716100000, 0x0000000723100000, 0x00000007c0000000)
  eden space 166912K, 22% used [0x0000000716100000,0x0000000718555858,0x0000000720400000)
  from space 21504K, 0% used [0x0000000720400000,0x0000000720400000,0x0000000721900000)
  to   space 21504K, 0% used [0x0000000721900000,0x0000000721900000,0x0000000722e00000)
 ParOldGen       total 246272K, used 53763K [0x00000005c2200000, 0x00000005d1280000, 0x0000000716100000)
  object space 246272K, 21% used [0x00000005c2200000,0x00000005c5680ea8,0x00000005d1280000)
 Metaspace       used 58639K, capacity 59981K, committed 60180K, reserved 1101824K
  class space    used 7058K, capacity 7391K, committed 7444K, reserved 1048576K
GC Heap History (10 events):
Event: 1.859 GC heap before
{Heap before GC invocations=4 (full 2):
 PSYoungGen      total 152576K, used 21497K [0x0000000716100000, 0x0000000723980000, 0x00000007c0000000)
  eden space 131072K, 0% used [0x0000000716100000,0x0000000716100000,0x000000071e100000)
  from space 21504K, 99% used [0x000000071f600000,0x0000000720afe728,0x0000000720b00000)
  to   space 21504K, 0% used [0x000000071e100000,0x000000071e100000,0x000000071f600000)
 ParOldGen       total 246272K, used 26398K [0x00000005c2200000, 0x00000005d1280000, 0x0000000716100000)
  object space 246272K, 10% used [0x00000005c2200000,0x00000005c3bc78f8,0x00000005d1280000)
 Metaspace       used 34463K, capacity 35064K, committed 35416K, reserved 1079296K
  class space    used 4437K, capacity 4639K, committed 4696K, reserved 1048576K
Event: 1.893 GC heap after
Heap after GC invocations=4 (full 2):
 PSYoungGen      total 152576K, used 0K [0x0000000716100000, 0x0000000723980000, 0x00000007c0000000)
  eden space 131072K, 0% used [0x0000000716100000,0x0000000716100000,0x000000071e100000)
  from space 21504K, 0% used [0x000000071f600000,0x000000071f600000,0x0000000720b00000)
  to   space 21504K, 0% used [0x000000071e100000,0x000000071e100000,0x000000071f600000)
 ParOldGen       total 246272K, used 34211K [0x00000005c2200000, 0x00000005d1280000, 0x0000000716100000)
  object space 246272K, 13% used [0x00000005c2200000,0x00000005c4368cc8,0x00000005d1280000)
 Metaspace       used 34463K, capacity 35064K, committed 35416K, reserved 1079296K
  class space    used 4437K, capacity 4639K, committed 4696K, reserved 1048576K
}
Event: 3.166 GC heap before
{Heap before GC invocations=5 (full 2):
 PSYoungGen      total 152576K, used 131072K [0x0000000716100000, 0x0000000723980000, 0x00000007c0000000)
  eden space 131072K, 100% used [0x0000000716100000,0x000000071e100000,0x000000071e100000)
  from space 21504K, 0% used [0x000000071f600000,0x000000071f600000,0x0000000720b00000)
  to   space 21504K, 0% used [0x000000071e100000,0x000000071e100000,0x000000071f600000)
 ParOldGen       total 246272K, used 34211K [0x00000005c2200000, 0x00000005d1280000, 0x0000000716100000)
  object space 246272K, 13% used [0x00000005c2200000,0x00000005c4368cc8,0x00000005d1280000)
 Metaspace       used 47808K, capacity 48746K, committed 49240K, reserved 1091584K
  class space    used 5976K, capacity 6221K, committed 6232K, reserved 1048576K
Event: 3.177 GC heap after
Heap after GC invocations=5 (full 2):
 PSYoungGen      total 152576K, used 21485K [0x0000000716100000, 0x0000000722e00000, 0x00000007c0000000)
  eden space 131072K, 0% used [0x0000000716100000,0x0000000716100000,0x000000071e100000)
  from space 21504K, 99% used [0x000000071e100000,0x000000071f5fb4c8,0x000000071f600000)
  to   space 21504K, 0% used [0x0000000721900000,0x0000000721900000,0x0000000722e00000)
 ParOldGen       total 246272K, used 39148K [0x00000005c2200000, 0x00000005d1280000, 0x0000000716100000)
  object space 246272K, 15% used [0x00000005c2200000,0x00000005c483b158,0x00000005d1280000)
 Metaspace       used 47808K, capacity 48746K, committed 49240K, reserved 1091584K
  class space    used 5976K, capacity 6221K, committed 6232K, reserved 1048576K
}
Event: 4.833 GC heap before
{Heap before GC invocations=6 (full 2):
 PSYoungGen      total 152576K, used 152557K [0x0000000716100000, 0x0000000722e00000, 0x00000007c0000000)
  eden space 131072K, 100% used [0x0000000716100000,0x000000071e100000,0x000000071e100000)
  from space 21504K, 99% used [0x000000071e100000,0x000000071f5fb4c8,0x000000071f600000)
  to   space 21504K, 0% used [0x0000000721900000,0x0000000721900000,0x0000000722e00000)
 ParOldGen       total 246272K, used 39148K [0x00000005c2200000, 0x00000005d1280000, 0x0000000716100000)
  object space 246272K, 15% used [0x00000005c2200000,0x00000005c483b158,0x00000005d1280000)
 Metaspace       used 55518K, capacity 56726K, committed 57048K, reserved 1099776K
  class space    used 6783K, capacity 7101K, committed 7128K, reserved 1048576K
Event: 4.861 GC heap after
Heap after GC invocations=6 (full 2):
 PSYoungGen      total 188416K, used 21491K [0x0000000716100000, 0x0000000723100000, 0x00000007c0000000)
  eden space 166912K, 0% used [0x0000000716100000,0x0000000716100000,0x0000000720400000)
  from space 21504K, 99% used [0x0000000721900000,0x0000000722dfcc18,0x0000000722e00000)
  to   space 21504K, 0% used [0x0000000720400000,0x0000000720400000,0x0000000721900000)
 ParOldGen       total 246272K, used 55259K [0x00000005c2200000, 0x00000005d1280000, 0x0000000716100000)
  object space 246272K, 22% used [0x00000005c2200000,0x00000005c57f6f38,0x00000005d1280000)
 Metaspace       used 55518K, capacity 56726K, committed 57048K, reserved 1099776K
  class space    used 6783K, capacity 7101K, committed 7128K, reserved 1048576K
}
Event: 5.580 GC heap before
{Heap before GC invocations=7 (full 2):
 PSYoungGen      total 188416K, used 52284K [0x0000000716100000, 0x0000000723100000, 0x00000007c0000000)
  eden space 166912K, 18% used [0x0000000716100000,0x0000000717f12410,0x0000000720400000)
  from space 21504K, 99% used [0x0000000721900000,0x0000000722dfcc18,0x0000000722e00000)
  to   space 21504K, 0% used [0x0000000720400000,0x0000000720400000,0x0000000721900000)
 ParOldGen       total 246272K, used 55259K [0x00000005c2200000, 0x00000005d1280000, 0x0000000716100000)
  object space 246272K, 22% used [0x00000005c2200000,0x00000005c57f6f38,0x00000005d1280000)
 Metaspace       used 57632K, capacity 58889K, committed 59028K, reserved 1101824K
  class space    used 7011K, capacity 7316K, committed 7316K, reserved 1048576K
Event: 5.594 GC heap after
Heap after GC invocations=7 (full 2):
 PSYoungGen      total 188416K, used 21482K [0x0000000716100000, 0x0000000723100000, 0x00000007c0000000)
  eden space 166912K, 0% used [0x0000000716100000,0x0000000716100000,0x0000000720400000)
  from space 21504K, 99% used [0x0000000720400000,0x00000007218fabc0,0x0000000721900000)
  to   space 21504K, 0% used [0x0000000721900000,0x0000000721900000,0x0000000722e00000)
 ParOldGen       total 246272K, used 59374K [0x00000005c2200000, 0x00000005d1280000, 0x0000000716100000)
  object space 246272K, 24% used [0x00000005c2200000,0x00000005c5bfb838,0x00000005d1280000)
 Metaspace       used 57632K, capacity 58889K, committed 59028K, reserved 1101824K
  class space    used 7011K, capacity 7316K, committed 7316K, reserved 1048576K
}
Event: 5.594 GC heap before
{Heap before GC invocations=8 (full 3):
 PSYoungGen      total 188416K, used 21482K [0x0000000716100000, 0x0000000723100000, 0x00000007c0000000)
  eden space 166912K, 0% used [0x0000000716100000,0x0000000716100000,0x0000000720400000)
  from space 21504K, 99% used [0x0000000720400000,0x00000007218fabc0,0x0000000721900000)
  to   space 21504K, 0% used [0x0000000721900000,0x0000000721900000,0x0000000722e00000)
 ParOldGen       total 246272K, used 59374K [0x00000005c2200000, 0x00000005d1280000, 0x0000000716100000)
  object space 246272K, 24% used [0x00000005c2200000,0x00000005c5bfb838,0x00000005d1280000)
 Metaspace       used 57632K, capacity 58889K, committed 59028K, reserved 1101824K
  class space    used 7011K, capacity 7316K, committed 7316K, reserved 1048576K
Event: 5.724 GC heap after
Heap after GC invocations=8 (full 3):
 PSYoungGen      total 188416K, used 0K [0x0000000716100000, 0x0000000723100000, 0x00000007c0000000)
  eden space 166912K, 0% used [0x0000000716100000,0x0000000716100000,0x0000000720400000)
  from space 21504K, 0% used [0x0000000720400000,0x0000000720400000,0x0000000721900000)
  to   space 21504K, 0% used [0x0000000721900000,0x0000000721900000,0x0000000722e00000)
 ParOldGen       total 246272K, used 53763K [0x00000005c2200000, 0x00000005d1280000, 0x0000000716100000)
  object space 246272K, 21% used [0x00000005c2200000,0x00000005c5680ea8,0x00000005d1280000)
 Metaspace       used 57632K, capacity 58889K, committed 59028K, reserved 1101824K
  class space    used 7011K, capacity 7316K, committed 7316K, reserved 1048576K
}

