# JRE version: OpenJDK Runtime Environment (8.0_312-b07) (build 1.8.0_312-b07)
# Java VM: OpenJDK 64-Bit Server VM (25.312-b07 mixed mode windows-amd64 compressed oops)
Heap:
 PSYoungGen      total 252416K, used 113766K [0x00000000d5580000, 0x00000000e6d00000, 0x0000000100000000)
  eden space 230912K, 49% used [0x00000000d5580000,0x00000000dc499888,0x00000000e3700000)
  from space 21504K, 0% used [0x00000000e4c00000,0x00000000e4c00000,0x00000000e6100000)
  to   space 21504K, 0% used [0x00000000e3700000,0x00000000e3700000,0x00000000e4c00000)
 ParOldGen       total 254464K, used 37495K [0x0000000080000000, 0x000000008f880000, 0x00000000d5580000)
  object space 254464K, 14% used [0x0000000080000000,0x000000008249dce0,0x000000008f880000)
 Metaspace       used 65003K, capacity 67423K, committed 67712K, reserved 1107968K
  class space    used 9092K, capacity 9564K, committed 9600K, reserved 1048576K
GC Heap History (10 events):
Event: 8.435 GC heap before
{Heap before GC invocations=5 (full 1):
 PSYoungGen      total 152576K, used 55192K [0x00000000d5580000, 0x00000000e6100000, 0x0000000100000000)
  eden space 131072K, 31% used [0x00000000d5580000,0x00000000d7d7db58,0x00000000dd580000)
  from space 21504K, 66% used [0x00000000dd580000,0x00000000de368718,0x00000000dea80000)
  to   space 21504K, 0% used [0x00000000e4c00000,0x00000000e4c00000,0x00000000e6100000)
 ParOldGen       total 175104K, used 13022K [0x0000000080000000, 0x000000008ab00000, 0x00000000d5580000)
  object space 175104K, 7% used [0x0000000080000000,0x0000000080cb7888,0x000000008ab00000)
 Metaspace       used 34404K, capacity 35422K, committed 35496K, reserved 1079296K
  class space    used 4844K, capacity 5098K, committed 5120K, reserved 1048576K
Event: 8.441 GC heap after
Heap after GC invocations=5 (full 1):
 PSYoungGen      total 252416K, used 9027K [0x00000000d5580000, 0x00000000e6d00000, 0x0000000100000000)
  eden space 230912K, 0% used [0x00000000d5580000,0x00000000d5580000,0x00000000e3700000)
  from space 21504K, 41% used [0x00000000e4c00000,0x00000000e54d0c90,0x00000000e6100000)
  to   space 21504K, 0% used [0x00000000e3700000,0x00000000e3700000,0x00000000e4c00000)
 ParOldGen       total 175104K, used 13030K [0x0000000080000000, 0x000000008ab00000, 0x00000000d5580000)
  object space 175104K, 7% used [0x0000000080000000,0x0000000080cb9888,0x000000008ab00000)
 Metaspace       used 34404K, capacity 35422K, committed 35496K, reserved 1079296K
  class space    used 4844K, capacity 5098K, committed 5120K, reserved 1048576K
}
Event: 8.441 GC heap before
{Heap before GC invocations=6 (full 2):
 PSYoungGen      total 252416K, used 9027K [0x00000000d5580000, 0x00000000e6d00000, 0x0000000100000000)
  eden space 230912K, 0% used [0x00000000d5580000,0x00000000d5580000,0x00000000e3700000)
  from space 21504K, 41% used [0x00000000e4c00000,0x00000000e54d0c90,0x00000000e6100000)
  to   space 21504K, 0% used [0x00000000e3700000,0x00000000e3700000,0x00000000e4c00000)
 ParOldGen       total 175104K, used 13030K [0x0000000080000000, 0x000000008ab00000, 0x00000000d5580000)
  object space 175104K, 7% used [0x0000000080000000,0x0000000080cb9888,0x000000008ab00000)
 Metaspace       used 34404K, capacity 35422K, committed 35496K, reserved 1079296K
  class space    used 4844K, capacity 5098K, committed 5120K, reserved 1048576K
Event: 8.466 GC heap after
Heap after GC invocations=6 (full 2):
 PSYoungGen      total 252416K, used 0K [0x00000000d5580000, 0x00000000e6d00000, 0x0000000100000000)
  eden space 230912K, 0% used [0x00000000d5580000,0x00000000d5580000,0x00000000e3700000)
  from space 21504K, 0% used [0x00000000e4c00000,0x00000000e4c00000,0x00000000e6100000)
  to   space 21504K, 0% used [0x00000000e3700000,0x00000000e3700000,0x00000000e4c00000)
 ParOldGen       total 254464K, used 15615K [0x0000000080000000, 0x000000008f880000, 0x00000000d5580000)
  object space 254464K, 6% used [0x0000000080000000,0x0000000080f3ffe0,0x000000008f880000)
 Metaspace       used 34404K, capacity 35422K, committed 35496K, reserved 1079296K
  class space    used 4844K, capacity 5098K, committed 5120K, reserved 1048576K
}
Event: 11.915 GC heap before
{Heap before GC invocations=7 (full 2):
 PSYoungGen      total 252416K, used 230912K [0x00000000d5580000, 0x00000000e6d00000, 0x0000000100000000)
  eden space 230912K, 100% used [0x00000000d5580000,0x00000000e3700000,0x00000000e3700000)
  from space 21504K, 0% used [0x00000000e4c00000,0x00000000e4c00000,0x00000000e6100000)
  to   space 21504K, 0% used [0x00000000e3700000,0x00000000e3700000,0x00000000e4c00000)
 ParOldGen       total 254464K, used 15615K [0x0000000080000000, 0x000000008f880000, 0x00000000d5580000)
  object space 254464K, 6% used [0x0000000080000000,0x0000000080f3ffe0,0x000000008f880000)
 Metaspace       used 46043K, capacity 47932K, committed 48256K, reserved 1091584K
  class space    used 6361K, capacity 6734K, committed 6784K, reserved 1048576K
Event: 11.924 GC heap after
Heap after GC invocations=7 (full 2):
 PSYoungGen      total 252416K, used 17900K [0x00000000d5580000, 0x00000000e6d00000, 0x0000000100000000)
  eden space 230912K, 0% used [0x00000000d5580000,0x00000000d5580000,0x00000000e3700000)
  from space 21504K, 83% used [0x00000000e3700000,0x00000000e487b040,0x00000000e4c00000)
  to   space 21504K, 0% used [0x00000000e4c00000,0x00000000e4c00000,0x00000000e6100000)
 ParOldGen       total 254464K, used 15623K [0x0000000080000000, 0x000000008f880000, 0x00000000d5580000)
  object space 254464K, 6% used [0x0000000080000000,0x0000000080f41fe0,0x000000008f880000)
 Metaspace       used 46043K, capacity 47932K, committed 48256K, reserved 1091584K
  class space    used 6361K, capacity 6734K, committed 6784K, reserved 1048576K
}
Event: 12.876 GC heap before
{Heap before GC invocations=8 (full 2):
 PSYoungGen      total 252416K, used 166993K [0x00000000d5580000, 0x00000000e6d00000, 0x0000000100000000)
  eden space 230912K, 64% used [0x00000000d5580000,0x00000000de7197b8,0x00000000e3700000)
  from space 21504K, 83% used [0x00000000e3700000,0x00000000e487b040,0x00000000e4c00000)
  to   space 21504K, 0% used [0x00000000e4c00000,0x00000000e4c00000,0x00000000e6100000)
 ParOldGen       total 254464K, used 15623K [0x0000000080000000, 0x000000008f880000, 0x00000000d5580000)
  object space 254464K, 6% used [0x0000000080000000,0x0000000080f41fe0,0x000000008f880000)
 Metaspace       used 56919K, capacity 59091K, committed 59160K, reserved 1099776K
  class space    used 7820K, capacity 8251K, committed 8320K, reserved 1048576K
Event: 12.890 GC heap after
Heap after GC invocations=8 (full 2):
 PSYoungGen      total 252416K, used 21496K [0x00000000d5580000, 0x00000000e6d00000, 0x0000000100000000)
  eden space 230912K, 0% used [0x00000000d5580000,0x00000000d5580000,0x00000000e3700000)
  from space 21504K, 99% used [0x00000000e4c00000,0x00000000e60fe360,0x00000000e6100000)
  to   space 21504K, 0% used [0x00000000e3700000,0x00000000e3700000,0x00000000e4c00000)
 ParOldGen       total 254464K, used 19274K [0x0000000080000000, 0x000000008f880000, 0x00000000d5580000)
  object space 254464K, 7% used [0x0000000080000000,0x00000000812d2be0,0x000000008f880000)
 Metaspace       used 56919K, capacity 59091K, committed 59160K, reserved 1099776K
  class space    used 7820K, capacity 8251K, committed 8320K, reserved 1048576K
}
Event: 12.890 GC heap before
{Heap before GC invocations=9 (full 3):
 PSYoungGen      total 252416K, used 21496K [0x00000000d5580000, 0x00000000e6d00000, 0x0000000100000000)
  eden space 230912K, 0% used [0x00000000d5580000,0x00000000d5580000,0x00000000e3700000)
  from space 21504K, 99% used [0x00000000e4c00000,0x00000000e60fe360,0x00000000e6100000)
  to   space 21504K, 0% used [0x00000000e3700000,0x00000000e3700000,0x00000000e4c00000)
 ParOldGen       total 254464K, used 19274K [0x0000000080000000, 0x000000008f880000, 0x00000000d5580000)
  object space 254464K, 7% used [0x0000000080000000,0x00000000812d2be0,0x000000008f880000)
 Metaspace       used 56919K, capacity 59091K, committed 59160K, reserved 1099776K
  class space    used 7820K, capacity 8251K, committed 8320K, reserved 1048576K
Event: 13.010 GC heap after
Heap after GC invocations=9 (full 3):
 PSYoungGen      total 252416K, used 0K [0x00000000d5580000, 0x00000000e6d00000, 0x0000000100000000)
  eden space 230912K, 0% used [0x00000000d5580000,0x00000000d5580000,0x00000000e3700000)
  from space 21504K, 0% used [0x00000000e4c00000,0x00000000e4c00000,0x00000000e6100000)
  to   space 21504K, 0% used [0x00000000e3700000,0x00000000e3700000,0x00000000e4c00000)
 ParOldGen       total 254464K, used 37495K [0x0000000080000000, 0x000000008f880000, 0x00000000d5580000)
  object space 254464K, 14% used [0x0000000080000000,0x000000008249dce0,0x000000008f880000)
 Metaspace       used 56869K, capacity 58923K, committed 59160K, reserved 1099776K
  class space    used 7804K, capacity 8223K, committed 8320K, reserved 1048576K
}

